<test-run id="2" testcasecount="0" result="Passed" start-time="2024-06-28 14:08:06.404950" end-time="2024-06-28 14:08:06.690058" duration="0" total="0" passed="0" failed="0" inconclusive="0" skipped="0" asserts="0" clr-version="3.11.4 (main, Aug  2 2023, 12:10:44) [Clang 14.0.3 (clang-1403.0.22.14.1)]" engine-version="3.6.2"><command-line>/Users/nathanjones/.pyenv/versions/3.11.4/bin/pytest</command-line><filter /></test-run>